INFO:__main__:Started
INFO:__main__:Finished
INFO:__main__:Started
INFO:__main__:Started
INFO:__main__:Finished
INFO:__main__:Started
INFO:__main__:Finished
INFO:__main__:Started
INFO:__main__:Started
INFO:__main__:Finished
2024-07-17 16:58:45,535 - __main__ - INFO - Started
INFO:__main__:Started
2024-07-17 16:58:45,536 - __main__ - INFO - Finished
INFO:__main__:Finished
2024-07-17 16:59:23,534 - __main__ - INFO - Started
2024-07-17 16:59:23,534 - __main__ - INFO - Finished
2024-07-17 16:59:27,957 - __main__ - INFO - Started
2024-07-17 16:59:27,957 - __main__ - INFO - Finished
[2024-07-17 17:00:27,426] - testing - [INFO]: Started
[2024-07-17 17:00:27,426] - testing - [INFO]: Finished
[INFO][2024-07-17 17:00:42,861] - testing - : Started
[INFO][2024-07-17 17:00:42,861] - testing - : Finished
[INFO][2024-07-17 17:00:49,848] testing: Started
[INFO][2024-07-17 17:00:49,848] testing: Finished
[INFO][2024-07-17 17:03:15,527] PRAISE-PEK: -----------------INIT-----------------
[INFO][2024-07-17 17:03:41,189] PRAISE-PEK: -----------------START-----------------
[INFO][2024-07-17 17:03:41,189] PRAISE-PEK: -----------------END-----------------
[INFO][2024-07-17 17:03:51,546] PRAISE-PEK: -----------------START-----------------
[INFO][2024-07-17 17:03:51,546] PRAISE-PEK: ------------------END------------------
[INFO][2024-07-17 17:09:51,930] PRAISE-PEK: --------------START--------------
[INFO][2024-07-17 17:09:51,930] PRAISE-PEK: Setup plot in 0.0 seconds
[INFO][2024-07-17 17:09:51,930] PRAISE-PEK: ---------------END---------------
[INFO][2024-07-17 17:10:04,297] PRAISE-PEK: --------------START--------------
[INFO][2024-07-17 17:10:04,297] PRAISE-PEK: setup plot in 0.0 seconds
[INFO][2024-07-17 17:10:04,298] PRAISE-PEK: ---------------END---------------
[INFO][2024-07-17 17:18:16,051] PRAISE-PEK: --------------START--------------
[INFO][2024-07-17 17:18:16,186] PRAISE-PEK: setup plot in 0.13396501541137695 seconds
[INFO][2024-07-17 17:18:16,187] PRAISE-PEK: ---------------END---------------
[INFO][2024-07-17 17:21:43,489] PRAISE-PEK: --------------START--------------
[INFO][2024-07-17 17:21:43,622] PRAISE-PEK: Current backend is TkAgg
[INFO][2024-07-17 17:21:43,622] PRAISE-PEK: Setup plot in 0.1332254409790039 seconds
[INFO][2024-07-17 17:21:50,390] PRAISE-PEK: ---------------END---------------
[INFO][2024-07-17 17:23:49,300] PRAISE-PEK: --------------START--------------
[INFO][2024-07-17 17:23:49,452] PRAISE-PEK: Current backend is TkAgg
[INFO][2024-07-17 17:23:49,452] PRAISE-PEK: Setup plot in 0.15275144577026367 seconds
[INFO][2024-07-17 17:23:51,343] PRAISE-PEK: ---------------END---------------
[INFO][2024-07-17 17:24:06,114] PRAISE-PEK: --------------START--------------
[INFO][2024-07-17 17:24:06,245] PRAISE-PEK: Current backend is TkAgg
[INFO][2024-07-17 17:24:06,246] PRAISE-PEK: Setup plot in 0.1320936679840088 seconds
[INFO][2024-07-17 17:24:07,442] PRAISE-PEK: ---------------END---------------
[INFO][2024-07-17 17:24:58,208] PRAISE-PEK: --------------START--------------
[INFO][2024-07-17 17:24:58,347] PRAISE-PEK: Current backend is TkAgg
[INFO][2024-07-17 17:24:58,347] PRAISE-PEK: Setup plot in 0.13913798332214355 seconds
[INFO][2024-07-17 17:24:59,909] PRAISE-PEK: ---------------END---------------
[INFO][2024-07-17 17:25:05,270] PRAISE-PEK: --------------START--------------
[INFO][2024-07-17 17:25:05,391] PRAISE-PEK: Current backend is TkAgg
[INFO][2024-07-17 17:25:05,391] PRAISE-PEK: Setup plot in 0.1213982105255127 seconds
[INFO][2024-07-17 17:25:10,064] PRAISE-PEK: ---------------END---------------
[INFO][2024-07-17 17:25:15,194] PRAISE-PEK: --------------START--------------
[INFO][2024-07-17 17:25:15,330] PRAISE-PEK: Current backend is TkAgg
[INFO][2024-07-17 17:25:15,330] PRAISE-PEK: Setup plot in 0.13584327697753906 seconds
[INFO][2024-07-17 17:27:45,654] PRAISE-PEK: ---------------END---------------
[INFO][2024-07-17 17:27:52,352] PRAISE-PEK: --------------START--------------
[INFO][2024-07-17 17:27:52,497] PRAISE-PEK: Current backend is TkAgg
[INFO][2024-07-17 17:27:52,497] PRAISE-PEK: Setup plot in 0.14510798454284668 seconds
[INFO][2024-07-17 17:27:57,254] PRAISE-PEK: ---------------END---------------
[INFO][2024-07-17 17:29:12,283] PRAISE-PEK: --------------START--------------
[INFO][2024-07-17 17:29:12,425] PRAISE-PEK: Current backend is TkAgg
[INFO][2024-07-17 17:29:12,426] PRAISE-PEK: Setup plot in 0.14300012588500977 seconds
[INFO][2024-07-17 17:29:13,602] PRAISE-PEK: ---------------END---------------
[INFO][2024-07-17 17:30:50,703] PRAISE-PEK: --------------START--------------
[INFO][2024-07-17 17:30:50,849] PRAISE-PEK: Current backend is TkAgg
[INFO][2024-07-17 17:30:50,849] PRAISE-PEK: Setup plot in 0.14549660682678223 seconds
[INFO][2024-07-17 17:30:54,387] PRAISE-PEK: ---------------END---------------
[INFO][2024-07-17 17:31:05,523] PRAISE-PEK: --------------START--------------
[INFO][2024-07-17 17:31:05,660] PRAISE-PEK: Current backend is TkAgg
[INFO][2024-07-17 17:31:05,660] PRAISE-PEK: Setup plot in 0.13730502128601074 seconds
[INFO][2024-07-17 17:31:07,155] PRAISE-PEK: ---------------END---------------
[INFO][2024-07-17 17:31:18,563] PRAISE-PEK: --------------START--------------
[INFO][2024-07-17 17:31:18,708] PRAISE-PEK: Current backend is TkAgg
[INFO][2024-07-17 17:31:18,708] PRAISE-PEK: Setup plot in 0.14491009712219238 seconds
[INFO][2024-07-17 17:31:19,591] PRAISE-PEK: ---------------END---------------
[INFO][2024-07-17 17:32:22,654] PRAISE-PEK: --------------START--------------
[INFO][2024-07-17 17:32:22,791] PRAISE-PEK: Current backend is TkAgg
[INFO][2024-07-17 17:32:22,791] PRAISE-PEK: Setup plot in 0.13709330558776855 seconds
[INFO][2024-07-17 17:32:23,810] PRAISE-PEK: ---------------END---------------
[INFO][2024-07-17 17:38:19,875] PRAISE-PEK: --------------START--------------
[INFO][2024-07-17 17:40:26,118] PRAISE-PEK: --------------START--------------
[INFO][2024-07-17 17:48:12,288] PRAISE-PEK: --------------START--------------
[INFO][2024-07-17 17:48:30,696] PRAISE-PEK: --------------START--------------
[INFO][2024-07-17 17:48:30,829] PRAISE-PEK: Current backend is TkAgg
[INFO][2024-07-17 17:48:30,829] PRAISE-PEK: Setup plot in 0.1319108009338379 seconds
[INFO][2024-07-17 17:48:37,144] PRAISE-PEK: ---------------END---------------
[INFO][2024-07-17 17:51:44,498] PRAISE-PEK: --------------START--------------
[INFO][2024-07-17 17:51:44,637] PRAISE-PEK: Current backend is TkAgg
[INFO][2024-07-17 17:51:44,637] PRAISE-PEK: Setup plot in 0.1392650604248047 seconds
[INFO][2024-07-17 17:51:49,354] PRAISE-PEK: ---------------END---------------
[INFO][2024-07-17 17:52:07,300] PRAISE-PEK: --------------START--------------
[INFO][2024-07-17 17:52:07,447] PRAISE-PEK: Current backend is TkAgg
[INFO][2024-07-17 17:52:07,447] PRAISE-PEK: Setup plot in 0.1460857391357422 seconds
[INFO][2024-07-17 17:52:12,442] PRAISE-PEK: ---------------END---------------
[INFO][2024-07-17 17:52:18,049] PRAISE-PEK: --------------START--------------
[INFO][2024-07-17 17:52:18,182] PRAISE-PEK: Current backend is TkAgg
[INFO][2024-07-17 17:52:18,182] PRAISE-PEK: Setup plot in 0.13260650634765625 seconds
[INFO][2024-07-17 17:52:20,919] PRAISE-PEK: ---------------END---------------
[INFO][2024-07-17 17:54:50,851] PRAISE-PEK: --------------START--------------
[INFO][2024-07-17 17:54:50,991] PRAISE-PEK: Current backend is TkAgg
[INFO][2024-07-17 17:54:50,991] PRAISE-PEK: Setup plot in 0.13864374160766602 seconds
[INFO][2024-07-17 17:54:50,991] PRAISE-PEK: Button created with label='generate_map_procedurally'      location=[0.7, 0.1, 0.1, 0.1]     clicked_function=<function dummy at 0x0000013ED1F61F80>
[INFO][2024-07-17 17:58:58,837] PRAISE-PEK: --------------START--------------
[DEBUG][2024-07-17 17:58:58,968] PRAISE-PEK: Current backend is TkAgg
[INFO][2024-07-17 17:58:58,968] PRAISE-PEK: Setup plot in 0.13108086585998535 seconds
[DEBUG][2024-07-17 17:58:58,974] PRAISE-PEK: Button "generate_map_procedurally" successfully created with location=[0.7, 0.1, 0.1, 0.1], clicked_function=<function dummy at 0x0000021564CB1F80>
[INFO][2024-07-17 17:59:11,199] PRAISE-PEK: ---------------END---------------
[INFO][2024-07-17 17:59:12,895] PRAISE-PEK: --------------START--------------
[INFO][2024-07-17 17:59:13,023] PRAISE-PEK: Setup plot in 0.1272420883178711 seconds
[INFO][2024-07-17 17:59:14,184] PRAISE-PEK: ---------------END---------------
[INFO][2024-07-17 18:00:01,047] PRAISE-PEK: --------------START--------------
[DEBUG][2024-07-17 18:00:01,184] PRAISE-PEK: Button "generate_map_procedurally" successfully created with location=[0.7, 0.1, 0.1, 0.1], clicked_function=<function dummy at 0x0000028951FC1F80>
[DEBUG][2024-07-17 18:00:01,185] PRAISE-PEK: Current backend is TkAgg
[INFO][2024-07-17 18:00:01,185] PRAISE-PEK: Setup plot in 0.13803935050964355 seconds
[INFO][2024-07-17 18:00:02,082] PRAISE-PEK: ---------------END---------------
[INFO][2024-07-17 18:12:51,690] PRAISE-PEK: --------------START--------------
[DEBUG][2024-07-17 18:12:51,713] PRAISE-PEK: Current backend is TkAgg
[DEBUG][2024-07-17 18:12:51,849] PRAISE-PEK: Button "generate_map_procedurally" successfully created with location=[0.7, 0.1, 0.1, 0.1], clicked_function=<function dummy at 0x0000014D26A42840>
[INFO][2024-07-17 18:12:51,850] PRAISE-PEK: Setup plot in 0.16015076637268066 seconds
[INFO][2024-07-17 18:13:02,214] PRAISE-PEK: --------------START--------------
[DEBUG][2024-07-17 18:13:02,238] PRAISE-PEK: Current backend is TkAgg
[DEBUG][2024-07-17 18:13:02,389] PRAISE-PEK: Button "generate_map_procedurally" successfully created with location=[0.7, 0.1, 0.1, 0.1], clicked_function=<function dummy at 0x00000191283C2840>
[INFO][2024-07-17 18:13:02,389] PRAISE-PEK: Setup plot in 0.1738889217376709 seconds
[INFO][2024-07-17 18:13:04,345] PRAISE-PEK: ---------------END---------------
[INFO][2024-07-17 18:14:53,027] PRAISE-PEK: --------------START--------------
[DEBUG][2024-07-17 18:14:53,050] PRAISE-PEK: Current backend is TkAgg
[DEBUG][2024-07-17 18:14:53,197] PRAISE-PEK: Button "generate_map_procedurally" successfully created with location=[0.7, 0.1, 0.1, 0.1], clicked_function=<function dummy at 0x0000020CD8522840>
[INFO][2024-07-17 18:14:53,197] PRAISE-PEK: Setup plot in 0.16998052597045898 seconds
[INFO][2024-07-17 18:16:38,581] PRAISE-PEK: --------------START--------------
[DEBUG][2024-07-17 18:16:38,602] PRAISE-PEK: Current backend is TkAgg
[DEBUG][2024-07-17 18:16:38,737] PRAISE-PEK: Button "generate_map_procedurally" successfully created with location=[0.7, 0.1, 0.1, 0.1], clicked_function=<function dummy at 0x000001FF8D542840>
[INFO][2024-07-17 18:16:38,737] PRAISE-PEK: Setup plot in 0.156294584274292 seconds
[INFO][2024-07-17 18:16:51,621] PRAISE-PEK: --------------START--------------
[DEBUG][2024-07-17 18:16:51,644] PRAISE-PEK: Current backend is TkAgg
[DEBUG][2024-07-17 18:16:51,775] PRAISE-PEK: Button "generate_map_procedurally" successfully created with location=[0.7, 0.1, 0.1, 0.1], clicked_function=<function dummy at 0x000002008AA22840>
[INFO][2024-07-17 18:16:51,775] PRAISE-PEK: Setup plot in 0.15278887748718262 seconds
[INFO][2024-07-17 18:17:40,630] PRAISE-PEK: --------------START--------------
[DEBUG][2024-07-17 18:17:40,653] PRAISE-PEK: Current backend is TkAgg
[DEBUG][2024-07-17 18:17:40,786] PRAISE-PEK: Button "generate_map_procedurally" successfully created with location=[0.7, 0.1, 0.1, 0.1], clicked_function=<function dummy at 0x00000176E0DB2840>
[INFO][2024-07-17 18:17:40,787] PRAISE-PEK: Setup plot in 0.15719270706176758 seconds
[INFO][2024-07-17 18:17:47,093] PRAISE-PEK: --------------START--------------
[DEBUG][2024-07-17 18:17:47,115] PRAISE-PEK: Current backend is TkAgg
[DEBUG][2024-07-17 18:17:47,261] PRAISE-PEK: Button "generate_map_procedurally" successfully created with location=[0.7, 0.1, 0.1, 0.1], clicked_function=<function dummy at 0x00000163D11228E0>
[INFO][2024-07-17 18:17:47,261] PRAISE-PEK: Setup plot in 0.1680138111114502 seconds
[INFO][2024-07-17 18:17:51,279] PRAISE-PEK: --------------START--------------
[DEBUG][2024-07-17 18:17:51,303] PRAISE-PEK: Current backend is TkAgg
[DEBUG][2024-07-17 18:17:51,441] PRAISE-PEK: Button "generate_map_procedurally" successfully created with location=[0.7, 0.1, 0.1, 0.1], clicked_function=<function dummy at 0x00000227CEC628E0>
[INFO][2024-07-17 18:17:51,441] PRAISE-PEK: Setup plot in 0.1617727279663086 seconds
[INFO][2024-07-17 18:17:56,724] PRAISE-PEK: --------------START--------------
[DEBUG][2024-07-17 18:17:56,749] PRAISE-PEK: Current backend is TkAgg
[DEBUG][2024-07-17 18:17:56,884] PRAISE-PEK: Button "generate_map_procedurally" successfully created with location=[0.7, 0.1, 0.1, 0.1], clicked_function=<function dummy at 0x00000192B40F28E0>
[INFO][2024-07-17 18:17:56,884] PRAISE-PEK: Setup plot in 0.15978646278381348 seconds
[INFO][2024-07-17 18:19:40,025] PRAISE-PEK: --------------START--------------
[DEBUG][2024-07-17 18:19:40,047] PRAISE-PEK: Current backend is TkAgg
[DEBUG][2024-07-17 18:19:40,167] PRAISE-PEK: Button "generate_map_procedurally" successfully created with location=[0.7, 0.1, 0.1, 0.1], clicked_function=<function dummy at 0x000001AF6A9A2840>
[INFO][2024-07-17 18:19:40,167] PRAISE-PEK: Setup plot in 0.1420278549194336 seconds
[INFO][2024-07-17 18:20:28,039] PRAISE-PEK: --------------START--------------
[DEBUG][2024-07-17 18:20:28,064] PRAISE-PEK: Current backend is TkAgg
[DEBUG][2024-07-17 18:20:28,202] PRAISE-PEK: Button "generate_map_procedurally" successfully created with location=[0.7, 0.1, 0.1, 0.1], clicked_function=<function dummy at 0x000001C4069728E0>
[INFO][2024-07-17 18:20:28,202] PRAISE-PEK: Setup plot in 0.16287970542907715 seconds
[INFO][2024-07-17 18:22:41,808] PRAISE-PEK: --------------START--------------
[DEBUG][2024-07-17 18:22:41,829] PRAISE-PEK: Current backend is TkAgg
[DEBUG][2024-07-17 18:22:41,967] PRAISE-PEK: Button "generate_map_procedurally" successfully created with location=[0.7, 0.1, 0.1, 0.1], clicked_function=<function dummy at 0x00000188C2352840>
[INFO][2024-07-17 18:22:41,967] PRAISE-PEK: Setup plot in 0.15850210189819336 seconds
[INFO][2024-07-17 18:24:00,640] PRAISE-PEK: --------------START--------------
[DEBUG][2024-07-17 18:24:00,661] PRAISE-PEK: Current backend is TkAgg
[DEBUG][2024-07-17 18:24:00,784] PRAISE-PEK: Button "generate_map_procedurally" successfully created with location=[0.7, 0.1, 0.1, 0.1], clicked_function=<function dummy at 0x000001E5B8C32840>
[INFO][2024-07-17 18:24:00,784] PRAISE-PEK: Setup plot in 0.1447281837463379 seconds
[INFO][2024-07-17 18:24:08,217] PRAISE-PEK: --------------START--------------
[DEBUG][2024-07-17 18:24:08,241] PRAISE-PEK: Current backend is TkAgg
[DEBUG][2024-07-17 18:24:08,363] PRAISE-PEK: Button "generate_map_procedurally" successfully created with location=[0.7, 0.1, 0.1, 0.1], clicked_function=<function dummy at 0x00000212C20A2840>
[INFO][2024-07-17 18:24:08,363] PRAISE-PEK: Setup plot in 0.1449739933013916 seconds
[INFO][2024-07-17 18:24:10,209] PRAISE-PEK: ---------------END---------------
[INFO][2024-07-17 18:30:44,393] PRAISE-PEK: --------------START--------------
[DEBUG][2024-07-17 18:30:44,416] PRAISE-PEK: Current backend is TkAgg
[DEBUG][2024-07-17 18:30:44,550] PRAISE-PEK: Button "generate_map_procedurally" successfully created with location=[0.7, 0.1, 0.1, 0.1], clicked_function=<function dummy at 0x0000016D15812980>
[INFO][2024-07-17 18:30:44,550] PRAISE-PEK: Setup plot in 0.15656018257141113 seconds
[INFO][2024-07-17 18:30:45,913] PRAISE-PEK: ---------------END---------------
[INFO][2024-07-17 18:33:30,891] PRAISE-PEK: --------------START--------------
[DEBUG][2024-07-17 18:33:30,916] PRAISE-PEK: Current backend is TkAgg
[DEBUG][2024-07-17 18:33:31,066] PRAISE-PEK: Button "Generate Map Procedurally" successfully created with location=[0.7, 0.1, 0.045, 0.03], clicked_function=<function dummy at 0x00000196CE462980>
[DEBUG][2024-07-17 18:33:31,071] PRAISE-PEK: Button "Force Update
Graphs" successfully created with location=[0.9349999999999999, 0.4, 0.045, 0.03], clicked_function=<function dummy at 0x00000196CE462980>
[DEBUG][2024-07-17 18:33:31,075] PRAISE-PEK: Button "Export PEK Data" successfully created with location=[0.9349999999999999, 0.45, 0.045, 0.03], clicked_function=<function dummy at 0x00000196CE462980>
[INFO][2024-07-17 18:33:31,075] PRAISE-PEK: Setup plot in 0.18397259712219238 seconds
[INFO][2024-07-17 18:33:40,615] PRAISE-PEK: ---------------END---------------
[INFO][2024-07-17 18:46:01,392] PRAISE-PEK: --------------START--------------
[DEBUG][2024-07-17 18:46:01,415] PRAISE-PEK: Current backend is TkAgg
[INFO][2024-07-17 18:46:36,328] PRAISE-PEK: --------------START--------------
[DEBUG][2024-07-17 18:46:36,348] PRAISE-PEK: Current backend is TkAgg
[DEBUG][2024-07-17 18:46:36,495] PRAISE-PEK: Button "Generate Map Procedurally" successfully created with location=[0.7, 0.1, 0.045, 0.03], clicked_function=<function dummy at 0x00000290D3702B60>
[DEBUG][2024-07-17 18:46:36,501] PRAISE-PEK: Button "Force Update
Graphs" successfully created with location=[0.9349999999999999, 0.4, 0.045, 0.03], clicked_function=<function dummy at 0x00000290D3702B60>
[DEBUG][2024-07-17 18:46:36,506] PRAISE-PEK: Button "Export PEK Data" successfully created with location=[0.9349999999999999, 0.45, 0.045, 0.03], clicked_function=<function dummy at 0x00000290D3702B60>
[DEBUG][2024-07-17 18:46:36,510] PRAISE-PEK: Button "Paste Clicked X" successfully created with location=[0.1, 0.34, 0.05999999999999999, 0.030000000000000027], clicked_function=<function dummy at 0x00000290D3702B60>
[DEBUG][2024-07-17 18:46:36,514] PRAISE-PEK: Button "Paste Clicked X" successfully created with location=[0.22, 0.34, 0.06000000000000003, 0.030000000000000027], clicked_function=<function dummy at 0x00000290D3702B60>
[INFO][2024-07-17 18:46:36,514] PRAISE-PEK: Setup plot in 0.18642187118530273 seconds
[INFO][2024-07-17 18:46:41,202] PRAISE-PEK: ---------------END---------------
[INFO][2024-07-17 18:55:16,888] PRAISE-PEK: --------------START--------------
[DEBUG][2024-07-17 18:55:16,913] PRAISE-PEK: Current backend is TkAgg
[DEBUG][2024-07-17 18:55:17,070] PRAISE-PEK: Button "Generate Map Procedurally" successfully created with location=[0.7, 0.1, 0.045, 0.03], clicked_function=<function dummy at 0x000002C75B4F2AC0>
[DEBUG][2024-07-17 18:55:17,074] PRAISE-PEK: Button "Force Update
Graphs" successfully created with location=[0.9349999999999999, 0.4, 0.045, 0.03], clicked_function=<function dummy at 0x000002C75B4F2AC0>
[DEBUG][2024-07-17 18:55:17,078] PRAISE-PEK: Button "Export PEK Data" successfully created with location=[0.9349999999999999, 0.45, 0.045, 0.03], clicked_function=<function dummy at 0x000002C75B4F2AC0>
[DEBUG][2024-07-17 18:55:17,082] PRAISE-PEK: Button "Paste Clicked X" successfully created with location=[0.1, 0.34, 0.05999999999999999, 0.030000000000000027], clicked_function=<function dummy at 0x000002C75B4F2AC0>
[DEBUG][2024-07-17 18:55:17,085] PRAISE-PEK: Button "Paste Clicked X" successfully created with location=[0.22, 0.34, 0.06000000000000003, 0.030000000000000027], clicked_function=<function dummy at 0x000002C75B4F2AC0>
[INFO][2024-07-17 18:55:17,085] PRAISE-PEK: Setup plot in 0.1970980167388916 seconds
[INFO][2024-07-17 18:55:20,736] PRAISE-PEK: ---------------END---------------
[INFO][2024-07-17 18:57:33,743] PRAISE-PEK: --------------START--------------
[DEBUG][2024-07-17 18:57:33,769] PRAISE-PEK: Current backend is TkAgg
[DEBUG][2024-07-17 18:57:33,923] PRAISE-PEK: Button "Generate Map Procedurally" successfully created with location=[0.7, 0.1, 0.045, 0.03], clicked_function=<function dummy at 0x000001D8FE1D2AC0>
[DEBUG][2024-07-17 18:57:33,927] PRAISE-PEK: Button "Force Update
Graphs" successfully created with location=[0.9349999999999999, 0.4, 0.045, 0.03], clicked_function=<function dummy at 0x000001D8FE1D2AC0>
[DEBUG][2024-07-17 18:57:33,933] PRAISE-PEK: Button "Export PEK Data" successfully created with location=[0.9349999999999999, 0.45, 0.045, 0.03], clicked_function=<function dummy at 0x000001D8FE1D2AC0>
[DEBUG][2024-07-17 18:57:33,937] PRAISE-PEK: Button "Paste Clicked X" successfully created with location=Bbox([[0.08, 0.4], [0.18, 0.43000000000000005]]), clicked_function=<function dummy at 0x000001D8FE1D2AC0>
[INFO][2024-07-17 18:57:43,679] PRAISE-PEK: --------------START--------------
[DEBUG][2024-07-17 18:57:43,699] PRAISE-PEK: Current backend is TkAgg
[DEBUG][2024-07-17 18:57:43,855] PRAISE-PEK: Button "Generate Map Procedurally" successfully created with location=[0.7, 0.1, 0.045, 0.03], clicked_function=<function dummy at 0x0000027574122A20>
[DEBUG][2024-07-17 18:57:43,860] PRAISE-PEK: Button "Force Update
Graphs" successfully created with location=[0.9349999999999999, 0.4, 0.045, 0.03], clicked_function=<function dummy at 0x0000027574122A20>
[DEBUG][2024-07-17 18:57:43,865] PRAISE-PEK: Button "Export PEK Data" successfully created with location=[0.9349999999999999, 0.45, 0.045, 0.03], clicked_function=<function dummy at 0x0000027574122A20>
[DEBUG][2024-07-17 18:57:43,868] PRAISE-PEK: Button "Paste Clicked X" successfully created with location=Bbox([[0.08, 0.4], [0.18, 0.43000000000000005]]), clicked_function=<function dummy at 0x0000027574122A20>
[INFO][2024-07-17 18:57:43,868] PRAISE-PEK: Setup plot in 0.18971896171569824 seconds
[INFO][2024-07-17 18:57:50,785] PRAISE-PEK: ---------------END---------------
